This is pdfTeX, Version 3.1415926-2.5-1.40.14 (TeX Live 2013/Debian) (format=pdflatex 2013.11.9)  25 DEC 2013 14:47
entering extended mode
 restricted \write18 enabled.
 %&-line parsing enabled.
**/home/taras/Projects/task_1024/met1.cpp
(/home/taras/Projects/task_1024/met1.cpp
LaTeX2e <2011/06/27>
Babel <3.9f> and hyphenation patterns for 9 languages loaded.
! You can't use `macro parameter character #' in vertical mode.
l.1 #
     include <stdio.h>, <stdlib.h>, <math.h>
? 
! Emergency stop.
l.1 #
     include <stdio.h>, <stdlib.h>, <math.h>
End of file on the terminal!

 
Here is how much of TeX's memory you used:
 7 strings out of 494518
 216 string characters out of 6173752
 48843 words of memory out of 5000000
 3323 multiletter control sequences out of 15000+600000
 3640 words of font info for 14 fonts, out of 8000000 for 9000
 430 hyphenation exceptions out of 8191
 5i,0n,1p,82b,8s stack positions out of 5000i,500n,10000p,200000b,80000s
!  ==> Fatal error occurred, no output PDF file produced!
