This is LuaTeX, Version beta-0.76.0-2013070111 (rev 4627)  (format=lualatex 2014.2.18)  20 FEB 2014 21:22
 restricted \write18 enabled.
**/home/taras/Projects/task_bit/sizep.cpp
(/home/taras/Projects/task_bit/sizep.cpp
LaTeX2e <2011/06/27>
Babel <3.9f> and hyphenation patterns for 33 languages loaded.
! You can't use `macro parameter character #' in vertical mode.
l.1 #
   include <stdio.h>
? 
! Emergency stop.
l.1 #
   include <stdio.h>
End of file on the terminal!



Here is how much of LuaTeX's memory you used:
 8 strings out of 494407
 100000,552014 words of node,token memory allocated 188 words of node memory still in use:
   31 glue_spec, 1 dir nodes
   avail lists: 2:12,3:1
 3781 multiletter control sequences out of 65536+600000
 14 fonts using 563007 bytes
 5i,0n,1p,59b,8s stack positions out of 5000i,500n,10000p,200000b,100000s
!  ==> Fatal error occurred, no output PDF file produced!
